<?xml version="1.0" encoding="UTF-8"?>
<testsuite xmlns:xsi="http://www.w3.org/2001/XMLSchema-instance" xsi:noNamespaceSchemaLocation="https://maven.apache.org/surefire/maven-surefire-plugin/xsd/surefire-test-report.xsd" name="com.group.budgeteer.controllers.BudgetControllerTest" time="0.387" tests="5" errors="0" skipped="0" failures="2">
  <properties>
[...]
</properties>
  <testcase name="updateBudget_success" classname="com.group.budgeteer.controllers.BudgetControllerTest" time="0.01">
    <failure message="Status expected:&lt;200&gt; but was:&lt;405&gt;" type="java.lang.AssertionError"><![CDATA[java.lang.AssertionError: Status expected:<200> but was:<405>
	at com.group.budgeteer.controllers.BudgetControllerTest.updateBudget_success(BudgetControllerTest.java:115)
]]></failure>
    <system-out><![CDATA[2023-10-03 15:01:00.483  INFO 71597 --- [           main] o.s.t.c.support.AbstractContextLoader    : Could not detect default resource locations for test class [com.group.budgeteer.controllers.BudgetControllerTest]: no resource found for suffixes {-context.xml, Context.groovy}.
2023-10-03 15:01:00.483  INFO 71597 --- [           main] t.c.s.AnnotationConfigContextLoaderUtils : Could not detect default configuration classes for test class [com.group.budgeteer.controllers.BudgetControllerTest]: BudgetControllerTest does not declare any static, non-private, non-final, nested classes annotated with @Configuration.
2023-10-03 15:01:00.484  INFO 71597 --- [           main] .b.t.c.SpringBootTestContextBootstrapper : Found @SpringBootConfiguration com.group.budgeteer.BudgeteerApplication for test class com.group.budgeteer.controllers.BudgetControllerTest
2023-10-03 15:01:00.485  INFO 71597 --- [           main] .b.t.c.SpringBootTestContextBootstrapper : Loaded default TestExecutionListener class names from location [META-INF/spring.factories]: [org.springframework.boot.test.mock.mockito.MockitoTestExecutionListener, org.springframework.boot.test.mock.mockito.ResetMocksTestExecutionListener, org.springframework.boot.test.autoconfigure.restdocs.RestDocsTestExecutionListener, org.springframework.boot.test.autoconfigure.web.client.MockRestServiceServerResetTestExecutionListener, org.springframework.boot.test.autoconfigure.web.servlet.MockMvcPrintOnlyOnFailureTestExecutionListener, org.springframework.boot.test.autoconfigure.web.servlet.WebDriverTestExecutionListener, org.springframework.boot.test.autoconfigure.webservices.client.MockWebServiceServerTestExecutionListener, org.springframework.test.context.web.ServletTestExecutionListener, org.springframework.test.context.support.DirtiesContextBeforeModesTestExecutionListener, org.springframework.test.context.event.ApplicationEventsTestExecutionListener, org.springframework.test.context.support.DependencyInjectionTestExecutionListener, org.springframework.test.context.support.DirtiesContextTestExecutionListener, org.springframework.test.context.transaction.TransactionalTestExecutionListener, org.springframework.test.context.jdbc.SqlScriptsTestExecutionListener, org.springframework.test.context.event.EventPublishingTestExecutionListener, org.springframework.security.test.context.support.WithSecurityContextTestExecutionListener, org.springframework.security.test.context.support.ReactorContextTestExecutionListener]
2023-10-03 15:01:00.485  INFO 71597 --- [           main] .b.t.c.SpringBootTestContextBootstrapper : Using TestExecutionListeners: [org.springframework.test.context.web.ServletTestExecutionListener@3e7c66b3, org.springframework.test.context.support.DirtiesContextBeforeModesTestExecutionListener@502f6f6a, org.springframework.test.context.event.ApplicationEventsTestExecutionListener@64a0ee65, org.springframework.boot.test.mock.mockito.MockitoTestExecutionListener@3ce60feb, org.springframework.boot.test.autoconfigure.SpringBootDependencyInjectionTestExecutionListener@61f2bf3a, org.springframework.test.context.support.DirtiesContextTestExecutionListener@4a0dd851, org.springframework.test.context.transaction.TransactionalTestExecutionListener@293dd4b3, org.springframework.test.context.jdbc.SqlScriptsTestExecutionListener@25a81f28, org.springframework.test.context.event.EventPublishingTestExecutionListener@51577fc8, org.springframework.security.test.context.support.WithSecurityContextTestExecutionListener@753cfae3, org.springframework.security.test.context.support.ReactorContextTestExecutionListener@326320bb, org.springframework.boot.test.mock.mockito.ResetMocksTestExecutionListener@57573880, org.springframework.boot.test.autoconfigure.restdocs.RestDocsTestExecutionListener@3d94b49d, org.springframework.boot.test.autoconfigure.web.client.MockRestServiceServerResetTestExecutionListener@2fedaa2e, org.springframework.boot.test.autoconfigure.web.servlet.MockMvcPrintOnlyOnFailureTestExecutionListener@4203190, org.springframework.boot.test.autoconfigure.web.servlet.WebDriverTestExecutionListener@6add8aac, org.springframework.boot.test.autoconfigure.webservices.client.MockWebServiceServerTestExecutionListener@72f5fb36]

  .   ____          _            __ _ _
 /\\ / ___'_ __ _ _(_)_ __  __ _ \ \ \ \
( ( )\___ | '_ | '_| | '_ \/ _` | \ \ \ \
 \\/  ___)| |_)| | | | | || (_| |  ) ) ) )
  '  |____| .__|_| |_|_| |_\__, | / / / /
 =========|_|==============|___/=/_/_/_/
 :: Spring Boot ::               (v2.7.16)

2023-10-03 15:01:00.493  INFO 71597 --- [           main] c.g.b.controllers.BudgetControllerTest   : Starting BudgetControllerTest using Java 18.0.2 on Elizabeths-MacBook-Air.local with PID 71597 (started by elizabethyang in /Users/elizabethyang/Desktop/unit2/projects/budgeteers-server)
2023-10-03 15:01:00.493  INFO 71597 --- [           main] c.g.b.controllers.BudgetControllerTest   : The following 1 profile is active: "pg"
2023-10-03 15:01:00.539  INFO 71597 --- [           main] .s.d.r.c.RepositoryConfigurationDelegate : Bootstrapping Spring Data JPA repositories in DEFAULT mode.
2023-10-03 15:01:00.543  INFO 71597 --- [           main] .s.d.r.c.RepositoryConfigurationDelegate : Finished Spring Data repository scanning in 4 ms. Found 3 JPA repository interfaces.
2023-10-03 15:01:00.591  INFO 71597 --- [           main] o.hibernate.jpa.internal.util.LogHelper  : HHH000204: Processing PersistenceUnitInfo [name: default]
2023-10-03 15:01:00.593  INFO 71597 --- [           main] com.zaxxer.hikari.HikariDataSource       : HikariPool-2 - Starting...
2023-10-03 15:01:00.599  INFO 71597 --- [           main] com.zaxxer.hikari.HikariDataSource       : HikariPool-2 - Start completed.
2023-10-03 15:01:00.600  INFO 71597 --- [           main] org.hibernate.dialect.Dialect            : HHH000400: Using dialect: org.hibernate.dialect.PostgreSQLDialect
2023-10-03 15:01:00.670  INFO 71597 --- [           main] o.h.e.t.j.p.i.JtaPlatformInitiator       : HHH000490: Using JtaPlatform implementation: [org.hibernate.engine.transaction.jta.platform.internal.NoJtaPlatform]
2023-10-03 15:01:00.670  INFO 71597 --- [           main] j.LocalContainerEntityManagerFactoryBean : Initialized JPA EntityManagerFactory for persistence unit 'default'
2023-10-03 15:01:00.717  WARN 71597 --- [           main] JpaBaseConfiguration$JpaWebConfiguration : spring.jpa.open-in-view is enabled by default. Therefore, database queries may be performed during view rendering. Explicitly configure spring.jpa.open-in-view to disable this warning
2023-10-03 15:01:00.779  INFO 71597 --- [           main] o.s.s.web.DefaultSecurityFilterChain     : Will secure any request with [org.springframework.security.web.session.DisableEncodeUrlFilter@5f31385e, org.springframework.security.web.context.request.async.WebAsyncManagerIntegrationFilter@4a592d22, org.springframework.security.web.context.SecurityContextPersistenceFilter@223e51e4, org.springframework.security.web.header.HeaderWriterFilter@7c9d2ed7, org.springframework.security.web.authentication.logout.LogoutFilter@71d2bc34, com.group.budgeteer.security.JwtRequestFilter@168f447d, org.springframework.security.web.savedrequest.RequestCacheAwareFilter@1e08f0cd, org.springframework.security.web.servletapi.SecurityContextHolderAwareRequestFilter@2c634c0, org.springframework.security.web.authentication.AnonymousAuthenticationFilter@20072ff1, org.springframework.security.web.session.SessionManagementFilter@621c7b91, org.springframework.security.web.access.ExceptionTranslationFilter@1934a7c1, org.springframework.security.web.access.intercept.FilterSecurityInterceptor@5d96b0f]
2023-10-03 15:01:00.832  INFO 71597 --- [           main] o.s.b.t.m.w.SpringBootMockServletContext : Initializing Spring TestDispatcherServlet ''
2023-10-03 15:01:00.832  INFO 71597 --- [           main] o.s.t.web.servlet.TestDispatcherServlet  : Initializing Servlet ''
2023-10-03 15:01:00.832  INFO 71597 --- [           main] o.s.t.web.servlet.TestDispatcherServlet  : Completed initialization in 0 ms
2023-10-03 15:01:00.836  INFO 71597 --- [           main] c.g.b.controllers.BudgetControllerTest   : Started BudgetControllerTest in 0.35 seconds (JVM running for 2.633)
2023-10-03 15:01:00.841  INFO 71597 --- [           main] c.g.budgeteer.security.JwtRequestFilter  : No header
2023-10-03 15:01:00.841  INFO 71597 --- [           main] c.g.budgeteer.security.JwtRequestFilter  : No header

MockHttpServletRequest:
      HTTP Method = PUT
      Request URI = /api/v1/budgets
       Parameters = {}
          Headers = [Content-Type:"application/json;charset=UTF-8", Accept:"application/json", Content-Length:"98"]
             Body = {"id":"735f4695-d917-458f-9059-4f0670de7bad","balance":4000.0,"date":"2023-09-01","expenses":null}
    Session Attrs = {}

Handler:
             Type = null

Async:
    Async started = false
     Async result = null

Resolved Exception:
             Type = org.springframework.web.HttpRequestMethodNotSupportedException

ModelAndView:
        View name = null
             View = null
            Model = null

FlashMap:
       Attributes = null

MockHttpServletResponse:
           Status = 405
    Error message = null
          Headers = [Allow:"GET,POST", Content-Type:"application/json", X-Content-Type-Options:"nosniff", X-XSS-Protection:"1; mode=block", Cache-Control:"no-cache, no-store, max-age=0, must-revalidate", Pragma:"no-cache", Expires:"0"]
     Content type = application/json
             Body = {"allow":["GET","POST"],"message":"Request method 'PUT' not supported"}
    Forwarded URL = null
   Redirected URL = null
          Cookies = []
]]></system-out>
  </testcase>
  <testcase name="createBudget_success" classname="com.group.budgeteer.controllers.BudgetControllerTest" time="0.014">
    <failure message="Status expected:&lt;201&gt; but was:&lt;200&gt;" type="java.lang.AssertionError"><![CDATA[java.lang.AssertionError: Status expected:<201> but was:<200>
	at com.group.budgeteer.controllers.BudgetControllerTest.createBudget_success(BudgetControllerTest.java:97)
]]></failure>
    <system-out><![CDATA[2023-10-03 15:01:00.849  INFO 71597 --- [           main] c.g.budgeteer.security.JwtRequestFilter  : No header
2023-10-03 15:01:00.849  INFO 71597 --- [           main] c.g.budgeteer.security.JwtRequestFilter  : No header

MockHttpServletRequest:
      HTTP Method = POST
      Request URI = /api/v1/budgets
       Parameters = {}
          Headers = [Content-Type:"application/json;charset=UTF-8", Accept:"application/json", Content-Length:"98"]
             Body = {"id":"ffb4fae3-4ac1-4f35-8646-16a1c6e0c466","balance":5000.0,"date":"2023-09-01","expenses":null}
    Session Attrs = {}

Handler:
             Type = com.group.budgeteer.controllers.BudgetController
           Method = com.group.budgeteer.controllers.BudgetController#createBudget(Budget)

Async:
    Async started = false
     Async result = null

Resolved Exception:
             Type = null

ModelAndView:
        View name = null
             View = null
            Model = null

FlashMap:
       Attributes = null

MockHttpServletResponse:
           Status = 200
    Error message = null
          Headers = [Vary:"Origin", "Access-Control-Request-Method", "Access-Control-Request-Headers", Content-Type:"application/json", X-Content-Type-Options:"nosniff", X-XSS-Protection:"1; mode=block", Cache-Control:"no-cache, no-store, max-age=0, must-revalidate", Pragma:"no-cache", Expires:"0"]
     Content type = application/json
             Body = {"data":{"id":"ffb4fae3-4ac1-4f35-8646-16a1c6e0c466","balance":5000.0,"date":[2023,9,1],"expenses":null},"message":"success"}
    Forwarded URL = null
   Redirected URL = null
          Cookies = []
]]></system-out>
  </testcase>
  <testcase name="deleteBudget_success" classname="com.group.budgeteer.controllers.BudgetControllerTest" time="0.002"/>
  <testcase name="getBudgets_success" classname="com.group.budgeteer.controllers.BudgetControllerTest" time="0.003"/>
  <testcase name="getBudget_success" classname="com.group.budgeteer.controllers.BudgetControllerTest" time="0.003"/>
</testsuite>